<?xml version="1.0" encoding="UTF-8"?>
<!-- Generated by org.testng.reporters.JUnitReportReporter -->
<testsuite hostname="User-PC" name="com.checktoolsqa.testcases.RandomTest" tests="1" failures="0" timestamp="6 Dec 2017 10:14:45 GMT" time="13.026" errors="0">
  <testcase name="f" time="13.026" classname="com.checktoolsqa.testcases.RandomTest"/>
</testsuite> <!-- com.checktoolsqa.testcases.RandomTest -->
