<?xml version="1.0" encoding="UTF-8"?>
<!-- Generated by org.testng.reporters.JUnitReportReporter -->
<testsuite hostname="User-PC" name="com.checktoolsqa.testcases.SelectBoxChecking" tests="2" failures="0" timestamp="24 Nov 2017 11:19:24 GMT" time="6.229" errors="0">
  <testcase name="broke" time="6.048" classname="com.checktoolsqa.testcases.SelectBoxChecking"/>
  <testcase name="cheking" time="0.181" classname="com.checktoolsqa.testcases.SelectBoxChecking"/>
</testsuite> <!-- com.checktoolsqa.testcases.SelectBoxChecking -->
