<?xml version="1.0" encoding="UTF-8"?>
<!-- Generated by org.testng.reporters.JUnitReportReporter -->
<testsuite hostname="User-PC" name="com.checktoolsqa.testcases.Farmes" tests="1" failures="0" timestamp="6 Dec 2017 06:30:15 GMT" time="16.293" errors="0">
  <testcase name="f" time="16.293" classname="com.checktoolsqa.testcases.Farmes"/>
</testsuite> <!-- com.checktoolsqa.testcases.Farmes -->
